12-Nov-2018 19:34:48.889 INFO [main] org.apache.catalina.startup.VersionLoggerListener.log Server version:        Apache Tomcat/9.0.12
12-Nov-2018 19:34:48.892 INFO [main] org.apache.catalina.startup.VersionLoggerListener.log Server built:          Sep 4 2018 22:13:41 UTC
12-Nov-2018 19:34:48.892 INFO [main] org.apache.catalina.startup.VersionLoggerListener.log Server number:         9.0.12.0
12-Nov-2018 19:34:48.893 INFO [main] org.apache.catalina.startup.VersionLoggerListener.log OS Name:               Mac OS X
12-Nov-2018 19:34:48.893 INFO [main] org.apache.catalina.startup.VersionLoggerListener.log OS Version:            10.14.1
12-Nov-2018 19:34:48.893 INFO [main] org.apache.catalina.startup.VersionLoggerListener.log Architecture:          x86_64
12-Nov-2018 19:34:48.893 INFO [main] org.apache.catalina.startup.VersionLoggerListener.log Java Home:             /Library/Java/JavaVirtualMachines/jdk-10.0.2.jdk/Contents/Home
12-Nov-2018 19:34:48.893 INFO [main] org.apache.catalina.startup.VersionLoggerListener.log JVM Version:           10.0.2+13
12-Nov-2018 19:34:48.893 INFO [main] org.apache.catalina.startup.VersionLoggerListener.log JVM Vendor:            "Oracle Corporation"
12-Nov-2018 19:34:48.893 INFO [main] org.apache.catalina.startup.VersionLoggerListener.log CATALINA_BASE:         /Users/arjun-7412/Documents/Code Stash/LearnUtil/apache-tomcat-9.0.12
12-Nov-2018 19:34:48.894 INFO [main] org.apache.catalina.startup.VersionLoggerListener.log CATALINA_HOME:         /Users/arjun-7412/Documents/Code Stash/LearnUtil/apache-tomcat-9.0.12
12-Nov-2018 19:34:48.905 INFO [main] org.apache.catalina.startup.VersionLoggerListener.log Command line argument: --add-opens=java.base/java.lang=ALL-UNNAMED
12-Nov-2018 19:34:48.905 INFO [main] org.apache.catalina.startup.VersionLoggerListener.log Command line argument: --add-opens=java.base/java.io=ALL-UNNAMED
12-Nov-2018 19:34:48.905 INFO [main] org.apache.catalina.startup.VersionLoggerListener.log Command line argument: --add-opens=java.rmi/sun.rmi.transport=ALL-UNNAMED
12-Nov-2018 19:34:48.905 INFO [main] org.apache.catalina.startup.VersionLoggerListener.log Command line argument: -Djava.util.logging.config.file=/Users/arjun-7412/Documents/Code Stash/LearnUtil/apache-tomcat-9.0.12/conf/logging.properties
12-Nov-2018 19:34:48.905 INFO [main] org.apache.catalina.startup.VersionLoggerListener.log Command line argument: -Djava.util.logging.manager=org.apache.juli.ClassLoaderLogManager
12-Nov-2018 19:34:48.906 INFO [main] org.apache.catalina.startup.VersionLoggerListener.log Command line argument: -Djdk.tls.ephemeralDHKeySize=2048
12-Nov-2018 19:34:48.906 INFO [main] org.apache.catalina.startup.VersionLoggerListener.log Command line argument: -Djava.protocol.handler.pkgs=org.apache.catalina.webresources
12-Nov-2018 19:34:48.906 INFO [main] org.apache.catalina.startup.VersionLoggerListener.log Command line argument: -Dorg.apache.catalina.security.SecurityListener.UMASK=0027
12-Nov-2018 19:34:48.906 INFO [main] org.apache.catalina.startup.VersionLoggerListener.log Command line argument: -Dignore.endorsed.dirs=
12-Nov-2018 19:34:48.906 INFO [main] org.apache.catalina.startup.VersionLoggerListener.log Command line argument: -Dcatalina.base=/Users/arjun-7412/Documents/Code Stash/LearnUtil/apache-tomcat-9.0.12
12-Nov-2018 19:34:48.906 INFO [main] org.apache.catalina.startup.VersionLoggerListener.log Command line argument: -Dcatalina.home=/Users/arjun-7412/Documents/Code Stash/LearnUtil/apache-tomcat-9.0.12
12-Nov-2018 19:34:48.907 INFO [main] org.apache.catalina.startup.VersionLoggerListener.log Command line argument: -Djava.io.tmpdir=/Users/arjun-7412/Documents/Code Stash/LearnUtil/apache-tomcat-9.0.12/temp
12-Nov-2018 19:34:48.907 INFO [main] org.apache.catalina.core.AprLifecycleListener.lifecycleEvent The APR based Apache Tomcat Native library which allows optimal performance in production environments was not found on the java.library.path: [/Users/arjun-7412/Library/Java/Extensions:/Library/Java/Extensions:/Network/Library/Java/Extensions:/System/Library/Java/Extensions:/usr/lib/java:.]
12-Nov-2018 19:34:48.958 INFO [main] org.apache.coyote.AbstractProtocol.init Initializing ProtocolHandler ["http-nio-8080"]
12-Nov-2018 19:34:48.992 INFO [main] org.apache.tomcat.util.net.NioSelectorPool.getSharedSelector Using a shared selector for servlet write/read
12-Nov-2018 19:34:49.000 INFO [main] org.apache.coyote.AbstractProtocol.init Initializing ProtocolHandler ["ajp-nio-8009"]
12-Nov-2018 19:34:49.002 INFO [main] org.apache.tomcat.util.net.NioSelectorPool.getSharedSelector Using a shared selector for servlet write/read
12-Nov-2018 19:34:49.002 INFO [main] org.apache.catalina.startup.Catalina.load Initialization processed in 745 ms
12-Nov-2018 19:34:49.062 INFO [main] org.apache.catalina.core.StandardService.startInternal Starting service [Catalina]
12-Nov-2018 19:34:49.062 INFO [main] org.apache.catalina.core.StandardEngine.startInternal Starting Servlet Engine: Apache Tomcat/9.0.12
12-Nov-2018 19:34:49.073 INFO [main] org.apache.catalina.startup.HostConfig.deployDirectory Deploying web application directory [/Users/arjun-7412/Documents/Code Stash/LearnUtil/apache-tomcat-9.0.12/webapps/Servlets]
12-Nov-2018 19:34:49.618 INFO [main] org.apache.jasper.servlet.TldScanner.scanJars At least one JAR was scanned for TLDs yet contained no TLDs. Enable debug logging for this logger for a complete list of JARs that were scanned but no TLDs were found in them. Skipping unneeded JARs during scanning can improve startup time and JSP compilation time.
12-Nov-2018 19:34:49.664 INFO [main] org.apache.catalina.startup.HostConfig.deployDirectory Deployment of web application directory [/Users/arjun-7412/Documents/Code Stash/LearnUtil/apache-tomcat-9.0.12/webapps/Servlets] has finished in [591] ms
12-Nov-2018 19:34:49.666 INFO [main] org.apache.coyote.AbstractProtocol.start Starting ProtocolHandler ["http-nio-8080"]
12-Nov-2018 19:34:49.673 INFO [main] org.apache.coyote.AbstractProtocol.start Starting ProtocolHandler ["ajp-nio-8009"]
12-Nov-2018 19:34:49.675 INFO [main] org.apache.catalina.startup.Catalina.start Server startup in 672 ms
