09-Nov-2018 22:29:57.100 INFO [main] org.apache.catalina.startup.VersionLoggerListener.log Server version:        Apache Tomcat/9.0.12
09-Nov-2018 22:29:57.103 INFO [main] org.apache.catalina.startup.VersionLoggerListener.log Server built:          Sep 4 2018 22:13:41 UTC
09-Nov-2018 22:29:57.104 INFO [main] org.apache.catalina.startup.VersionLoggerListener.log Server number:         9.0.12.0
09-Nov-2018 22:29:57.104 INFO [main] org.apache.catalina.startup.VersionLoggerListener.log OS Name:               Mac OS X
09-Nov-2018 22:29:57.104 INFO [main] org.apache.catalina.startup.VersionLoggerListener.log OS Version:            10.14.1
09-Nov-2018 22:29:57.104 INFO [main] org.apache.catalina.startup.VersionLoggerListener.log Architecture:          x86_64
09-Nov-2018 22:29:57.104 INFO [main] org.apache.catalina.startup.VersionLoggerListener.log Java Home:             /Library/Java/JavaVirtualMachines/jdk-10.0.2.jdk/Contents/Home
09-Nov-2018 22:29:57.105 INFO [main] org.apache.catalina.startup.VersionLoggerListener.log JVM Version:           10.0.2+13
09-Nov-2018 22:29:57.105 INFO [main] org.apache.catalina.startup.VersionLoggerListener.log JVM Vendor:            "Oracle Corporation"
09-Nov-2018 22:29:57.105 INFO [main] org.apache.catalina.startup.VersionLoggerListener.log CATALINA_BASE:         /Users/arjun-7412/Documents/Code Stash/LearnUtil/apache-tomcat-9.0.12
09-Nov-2018 22:29:57.105 INFO [main] org.apache.catalina.startup.VersionLoggerListener.log CATALINA_HOME:         /Users/arjun-7412/Documents/Code Stash/LearnUtil/apache-tomcat-9.0.12
09-Nov-2018 22:29:57.108 INFO [main] org.apache.catalina.startup.VersionLoggerListener.log Command line argument: --add-opens=java.base/java.lang=ALL-UNNAMED
09-Nov-2018 22:29:57.109 INFO [main] org.apache.catalina.startup.VersionLoggerListener.log Command line argument: --add-opens=java.base/java.io=ALL-UNNAMED
09-Nov-2018 22:29:57.109 INFO [main] org.apache.catalina.startup.VersionLoggerListener.log Command line argument: --add-opens=java.rmi/sun.rmi.transport=ALL-UNNAMED
09-Nov-2018 22:29:57.109 INFO [main] org.apache.catalina.startup.VersionLoggerListener.log Command line argument: -Djava.util.logging.config.file=/Users/arjun-7412/Documents/Code Stash/LearnUtil/apache-tomcat-9.0.12/conf/logging.properties
09-Nov-2018 22:29:57.109 INFO [main] org.apache.catalina.startup.VersionLoggerListener.log Command line argument: -Djava.util.logging.manager=org.apache.juli.ClassLoaderLogManager
09-Nov-2018 22:29:57.109 INFO [main] org.apache.catalina.startup.VersionLoggerListener.log Command line argument: -Djdk.tls.ephemeralDHKeySize=2048
09-Nov-2018 22:29:57.109 INFO [main] org.apache.catalina.startup.VersionLoggerListener.log Command line argument: -Djava.protocol.handler.pkgs=org.apache.catalina.webresources
09-Nov-2018 22:29:57.109 INFO [main] org.apache.catalina.startup.VersionLoggerListener.log Command line argument: -Dorg.apache.catalina.security.SecurityListener.UMASK=0027
09-Nov-2018 22:29:57.109 INFO [main] org.apache.catalina.startup.VersionLoggerListener.log Command line argument: -Dignore.endorsed.dirs=
09-Nov-2018 22:29:57.109 INFO [main] org.apache.catalina.startup.VersionLoggerListener.log Command line argument: -Dcatalina.base=/Users/arjun-7412/Documents/Code Stash/LearnUtil/apache-tomcat-9.0.12
09-Nov-2018 22:29:57.110 INFO [main] org.apache.catalina.startup.VersionLoggerListener.log Command line argument: -Dcatalina.home=/Users/arjun-7412/Documents/Code Stash/LearnUtil/apache-tomcat-9.0.12
09-Nov-2018 22:29:57.110 INFO [main] org.apache.catalina.startup.VersionLoggerListener.log Command line argument: -Djava.io.tmpdir=/Users/arjun-7412/Documents/Code Stash/LearnUtil/apache-tomcat-9.0.12/temp
09-Nov-2018 22:29:57.110 INFO [main] org.apache.catalina.core.AprLifecycleListener.lifecycleEvent The APR based Apache Tomcat Native library which allows optimal performance in production environments was not found on the java.library.path: [/Users/arjun-7412/Library/Java/Extensions:/Library/Java/Extensions:/Network/Library/Java/Extensions:/System/Library/Java/Extensions:/usr/lib/java:.]
09-Nov-2018 22:29:57.161 INFO [main] org.apache.coyote.AbstractProtocol.init Initializing ProtocolHandler ["http-nio-8080"]
09-Nov-2018 22:29:57.195 INFO [main] org.apache.tomcat.util.net.NioSelectorPool.getSharedSelector Using a shared selector for servlet write/read
09-Nov-2018 22:29:57.203 INFO [main] org.apache.coyote.AbstractProtocol.init Initializing ProtocolHandler ["ajp-nio-8009"]
09-Nov-2018 22:29:57.204 INFO [main] org.apache.tomcat.util.net.NioSelectorPool.getSharedSelector Using a shared selector for servlet write/read
09-Nov-2018 22:29:57.204 INFO [main] org.apache.catalina.startup.Catalina.load Initialization processed in 774 ms
09-Nov-2018 22:29:57.263 INFO [main] org.apache.catalina.core.StandardService.startInternal Starting service [Catalina]
09-Nov-2018 22:29:57.264 INFO [main] org.apache.catalina.core.StandardEngine.startInternal Starting Servlet Engine: Apache Tomcat/9.0.12
09-Nov-2018 22:29:57.273 INFO [main] org.apache.catalina.startup.HostConfig.deployDirectory Deploying web application directory [/Users/arjun-7412/Documents/Code Stash/LearnUtil/apache-tomcat-9.0.12/webapps/Servlets]
09-Nov-2018 22:29:57.936 INFO [main] org.apache.jasper.servlet.TldScanner.scanJars At least one JAR was scanned for TLDs yet contained no TLDs. Enable debug logging for this logger for a complete list of JARs that were scanned but no TLDs were found in them. Skipping unneeded JARs during scanning can improve startup time and JSP compilation time.
09-Nov-2018 22:29:57.985 INFO [main] org.apache.catalina.startup.HostConfig.deployDirectory Deployment of web application directory [/Users/arjun-7412/Documents/Code Stash/LearnUtil/apache-tomcat-9.0.12/webapps/Servlets] has finished in [711] ms
09-Nov-2018 22:29:57.986 INFO [main] org.apache.coyote.AbstractProtocol.start Starting ProtocolHandler ["http-nio-8080"]
09-Nov-2018 22:29:57.992 INFO [main] org.apache.coyote.AbstractProtocol.start Starting ProtocolHandler ["ajp-nio-8009"]
09-Nov-2018 22:29:57.993 INFO [main] org.apache.catalina.startup.Catalina.start Server startup in 788 ms
